[0.069s] Invoking command in '/home/jetson/Desktop/flight_ws/build/ldlidar_stl_ros2': CMAKE_PREFIX_PATH=/home/jetson/Desktop/flight_ws/install/ldlidar_stl_ros2:/home/jetson/Desktop/flight_ws/install/anolink:/home/jetson/ros2_ws/install/orbbec_description:/home/jetson/ros2_ws/install/orbbec_camera:/home/jetson/ros2_ws/install/orbbec_camera_msgs:/home/jetson/Desktop/flight_ws/install/tf2_flight:/home/jetson/Desktop/flight_ws/install/opencv_tools:/opt/ros/foxy:/home/jetson/yahboomcar_ws/devel /usr/bin/cmake /home/jetson/Desktop/flight_ws/src/ldlidar_stl_ros2 -DCMAKE_INSTALL_PREFIX=/home/jetson/Desktop/flight_ws/install/ldlidar_stl_ros2
[0.704s] -- The C compiler identification is GNU 9.4.0
[0.709s] -- The CXX compiler identification is GNU 9.4.0
[0.709s] -- Check for working C compiler: /usr/bin/cc
[0.713s] -- Check for working C compiler: /usr/bin/cc -- works
[0.714s] -- Detecting C compiler ABI info
[0.888s] -- Detecting C compiler ABI info - done
[0.910s] -- Detecting C compile features
[0.913s] -- Detecting C compile features - done
[0.922s] -- Check for working CXX compiler: /usr/bin/c++
[1.132s] -- Check for working CXX compiler: /usr/bin/c++ -- works
[1.134s] -- Detecting CXX compiler ABI info
[1.338s] -- Detecting CXX compiler ABI info - done
[1.339s] -- Detecting CXX compile features
[1.339s] -- Detecting CXX compile features - done
[1.344s] -- Found ament_cmake: 0.9.12 (/opt/ros/foxy/share/ament_cmake/cmake)
[1.436s] -- Found PythonInterp: /usr/bin/python3 (found suitable version "3.8.10", minimum required is "3") 
[1.437s] -- Using PYTHON_EXECUTABLE: /usr/bin/python3
[2.041s] -- Found rclcpp: 2.4.3 (/opt/ros/foxy/share/rclcpp/cmake)
[2.150s] -- Using all available rosidl_typesupport_c: rosidl_typesupport_fastrtps_c;rosidl_typesupport_introspection_c
[2.167s] -- Found rosidl_adapter: 1.3.1 (/opt/ros/foxy/share/rosidl_adapter/cmake)
[2.456s] -- Found OpenSSL: /usr/lib/aarch64-linux-gnu/libcrypto.so (found version "1.1.1f")  
[2.531s] -- Found FastRTPS: /opt/ros/foxy/include  
[2.723s] -- Using all available rosidl_typesupport_cpp: rosidl_typesupport_fastrtps_cpp;rosidl_typesupport_introspection_cpp
[2.838s] -- Found rmw_implementation_cmake: 1.0.4 (/opt/ros/foxy/share/rmw_implementation_cmake/cmake)
[2.842s] -- Using RMW implementation 'rmw_fastrtps_cpp' as default
[2.845s] -- Looking for pthread.h
[3.045s] -- Looking for pthread.h - found
[3.047s] -- Performing Test CMAKE_HAVE_LIBC_PTHREAD
[3.228s] -- Performing Test CMAKE_HAVE_LIBC_PTHREAD - Failed
[3.228s] -- Looking for pthread_create in pthreads
[3.402s] -- Looking for pthread_create in pthreads - not found
[3.402s] -- Looking for pthread_create in pthread
[3.603s] -- Looking for pthread_create in pthread - found
[3.605s] -- Found Threads: TRUE  
[3.946s] -- Found sensor_msgs: 2.0.5 (/opt/ros/foxy/share/sensor_msgs/cmake)
[4.166s] -- Found ament_lint_auto: 0.9.8 (/opt/ros/foxy/share/ament_lint_auto/cmake)
[4.379s] -- Added test 'copyright' to check source files copyright and LICENSE
[4.391s] -- Added test 'cppcheck' to perform static code analysis on C / C++ code
[4.392s] -- Configured cppcheck include dirs: /home/jetson/Desktop/flight_ws/src/ldlidar_stl_ros2/include;/home/jetson/Desktop/flight_ws/src/ldlidar_stl_ros2/ldlidar_driver/include/core;/home/jetson/Desktop/flight_ws/src/ldlidar_stl_ros2/ldlidar_driver/include/dataprocess;/home/jetson/Desktop/flight_ws/src/ldlidar_stl_ros2/ldlidar_driver/include/filter;/home/jetson/Desktop/flight_ws/src/ldlidar_stl_ros2/ldlidar_driver/include/logger;/home/jetson/Desktop/flight_ws/src/ldlidar_stl_ros2/ldlidar_driver/include/networkcom;/home/jetson/Desktop/flight_ws/src/ldlidar_stl_ros2/ldlidar_driver/include/serialcom
[4.392s] -- Configured cppcheck exclude dirs and/or files: 
[4.401s] -- Added test 'cpplint' to check C / C++ code against the Google style
[4.402s] -- Configured cpplint exclude dirs and/or files: 
[4.404s] -- Added test 'flake8' to check Python code syntax and style conventions
[4.407s] -- Added test 'lint_cmake' to check CMake code style
[4.409s] -- Added test 'pep257' to check Python code against some of the style conventions in PEP 257
[4.418s] -- Added test 'uncrustify' to check C / C++ code style
[4.419s] -- Configured uncrustify additional arguments: 
[4.421s] -- Added test 'xmllint' to check XML markup files
[4.430s] -- Configuring done
[4.451s] -- Generating done
[4.455s] -- Build files have been written to: /home/jetson/Desktop/flight_ws/build/ldlidar_stl_ros2
[4.482s] Invoked command in '/home/jetson/Desktop/flight_ws/build/ldlidar_stl_ros2' returned '0': CMAKE_PREFIX_PATH=/home/jetson/Desktop/flight_ws/install/ldlidar_stl_ros2:/home/jetson/Desktop/flight_ws/install/anolink:/home/jetson/ros2_ws/install/orbbec_description:/home/jetson/ros2_ws/install/orbbec_camera:/home/jetson/ros2_ws/install/orbbec_camera_msgs:/home/jetson/Desktop/flight_ws/install/tf2_flight:/home/jetson/Desktop/flight_ws/install/opencv_tools:/opt/ros/foxy:/home/jetson/yahboomcar_ws/devel /usr/bin/cmake /home/jetson/Desktop/flight_ws/src/ldlidar_stl_ros2 -DCMAKE_INSTALL_PREFIX=/home/jetson/Desktop/flight_ws/install/ldlidar_stl_ros2
[4.489s] Invoking command in '/home/jetson/Desktop/flight_ws/build/ldlidar_stl_ros2': CMAKE_PREFIX_PATH=/home/jetson/Desktop/flight_ws/install/ldlidar_stl_ros2:/home/jetson/Desktop/flight_ws/install/anolink:/home/jetson/ros2_ws/install/orbbec_description:/home/jetson/ros2_ws/install/orbbec_camera:/home/jetson/ros2_ws/install/orbbec_camera_msgs:/home/jetson/Desktop/flight_ws/install/tf2_flight:/home/jetson/Desktop/flight_ws/install/opencv_tools:/opt/ros/foxy:/home/jetson/yahboomcar_ws/devel /usr/bin/cmake --build /home/jetson/Desktop/flight_ws/build/ldlidar_stl_ros2 -- -j6 -l6
[4.592s] [35m[1mScanning dependencies of target ldlidar_stl_ros2_node[0m
[4.793s] [ 12%] [32mBuilding CXX object CMakeFiles/ldlidar_stl_ros2_node.dir/ldlidar_driver/src/core/ldlidar_driver.cpp.o[0m
[4.793s] [ 25%] [32mBuilding CXX object CMakeFiles/ldlidar_stl_ros2_node.dir/src/demo.cpp.o[0m
[4.798s] [ 37%] [32mBuilding CXX object CMakeFiles/ldlidar_stl_ros2_node.dir/ldlidar_driver/src/logger/log_module.cpp.o[0m
[4.804s] [ 50%] [32mBuilding CXX object CMakeFiles/ldlidar_stl_ros2_node.dir/ldlidar_driver/src/filter/tofbf.cpp.o[0m
[4.808s] [ 75%] [32mBuilding CXX object CMakeFiles/ldlidar_stl_ros2_node.dir/ldlidar_driver/src/dataprocess/lipkg.cpp.o[0m
[4.809s] [ 75%] [32mBuilding CXX object CMakeFiles/ldlidar_stl_ros2_node.dir/ldlidar_driver/src/networkcom/network_socket_interface_linux.cpp.o[0m
[6.030s] [ 87%] [32mBuilding CXX object CMakeFiles/ldlidar_stl_ros2_node.dir/ldlidar_driver/src/serialcom/serial_interface_linux.cpp.o[0m
[13.570s] [100%] [32m[1mLinking CXX executable ldlidar_stl_ros2_node[0m
[14.009s] [100%] Built target ldlidar_stl_ros2_node
[14.042s] Invoked command in '/home/jetson/Desktop/flight_ws/build/ldlidar_stl_ros2' returned '0': CMAKE_PREFIX_PATH=/home/jetson/Desktop/flight_ws/install/ldlidar_stl_ros2:/home/jetson/Desktop/flight_ws/install/anolink:/home/jetson/ros2_ws/install/orbbec_description:/home/jetson/ros2_ws/install/orbbec_camera:/home/jetson/ros2_ws/install/orbbec_camera_msgs:/home/jetson/Desktop/flight_ws/install/tf2_flight:/home/jetson/Desktop/flight_ws/install/opencv_tools:/opt/ros/foxy:/home/jetson/yahboomcar_ws/devel /usr/bin/cmake --build /home/jetson/Desktop/flight_ws/build/ldlidar_stl_ros2 -- -j6 -l6
[14.154s] Invoking command in '/home/jetson/Desktop/flight_ws/build/ldlidar_stl_ros2': CMAKE_PREFIX_PATH=/home/jetson/Desktop/flight_ws/install/ldlidar_stl_ros2:/home/jetson/Desktop/flight_ws/install/anolink:/home/jetson/ros2_ws/install/orbbec_description:/home/jetson/ros2_ws/install/orbbec_camera:/home/jetson/ros2_ws/install/orbbec_camera_msgs:/home/jetson/Desktop/flight_ws/install/tf2_flight:/home/jetson/Desktop/flight_ws/install/opencv_tools:/opt/ros/foxy:/home/jetson/yahboomcar_ws/devel /usr/bin/cmake --install /home/jetson/Desktop/flight_ws/build/ldlidar_stl_ros2
[14.185s] -- Install configuration: ""
[14.185s] -- Installing: /home/jetson/Desktop/flight_ws/install/ldlidar_stl_ros2/lib/ldlidar_stl_ros2/ldlidar_stl_ros2_node
[14.188s] -- Set runtime path of "/home/jetson/Desktop/flight_ws/install/ldlidar_stl_ros2/lib/ldlidar_stl_ros2/ldlidar_stl_ros2_node" to ""
[14.188s] -- Installing: /home/jetson/Desktop/flight_ws/install/ldlidar_stl_ros2/share/ldlidar_stl_ros2//launch
[14.189s] -- Installing: /home/jetson/Desktop/flight_ws/install/ldlidar_stl_ros2/share/ldlidar_stl_ros2//launch/stl27l.launch.py
[14.189s] -- Installing: /home/jetson/Desktop/flight_ws/install/ldlidar_stl_ros2/share/ldlidar_stl_ros2//launch/viewer_ld06.launch.py
[14.189s] -- Installing: /home/jetson/Desktop/flight_ws/install/ldlidar_stl_ros2/share/ldlidar_stl_ros2//launch/ld19.launch.py
[14.190s] -- Installing: /home/jetson/Desktop/flight_ws/install/ldlidar_stl_ros2/share/ldlidar_stl_ros2//launch/ld06.launch.py
[14.190s] -- Installing: /home/jetson/Desktop/flight_ws/install/ldlidar_stl_ros2/share/ldlidar_stl_ros2//launch/viewer_stl27l.launch.py
[14.190s] -- Installing: /home/jetson/Desktop/flight_ws/install/ldlidar_stl_ros2/share/ldlidar_stl_ros2//launch/viewer_ld19.launch.py
[14.190s] -- Installing: /home/jetson/Desktop/flight_ws/install/ldlidar_stl_ros2/share/ldlidar_stl_ros2//rviz2
[14.191s] -- Installing: /home/jetson/Desktop/flight_ws/install/ldlidar_stl_ros2/share/ldlidar_stl_ros2//rviz2/ldlidar.rviz
[14.191s] -- Installing: /home/jetson/Desktop/flight_ws/install/ldlidar_stl_ros2/share/ament_index/resource_index/package_run_dependencies/ldlidar_stl_ros2
[14.192s] -- Installing: /home/jetson/Desktop/flight_ws/install/ldlidar_stl_ros2/share/ament_index/resource_index/parent_prefix_path/ldlidar_stl_ros2
[14.192s] -- Installing: /home/jetson/Desktop/flight_ws/install/ldlidar_stl_ros2/share/ldlidar_stl_ros2/environment/ament_prefix_path.sh
[14.193s] -- Installing: /home/jetson/Desktop/flight_ws/install/ldlidar_stl_ros2/share/ldlidar_stl_ros2/environment/ament_prefix_path.dsv
[14.193s] -- Installing: /home/jetson/Desktop/flight_ws/install/ldlidar_stl_ros2/share/ldlidar_stl_ros2/environment/path.sh
[14.193s] -- Installing: /home/jetson/Desktop/flight_ws/install/ldlidar_stl_ros2/share/ldlidar_stl_ros2/environment/path.dsv
[14.194s] -- Installing: /home/jetson/Desktop/flight_ws/install/ldlidar_stl_ros2/share/ldlidar_stl_ros2/local_setup.bash
[14.194s] -- Installing: /home/jetson/Desktop/flight_ws/install/ldlidar_stl_ros2/share/ldlidar_stl_ros2/local_setup.sh
[14.195s] -- Installing: /home/jetson/Desktop/flight_ws/install/ldlidar_stl_ros2/share/ldlidar_stl_ros2/local_setup.zsh
[14.195s] -- Installing: /home/jetson/Desktop/flight_ws/install/ldlidar_stl_ros2/share/ldlidar_stl_ros2/local_setup.dsv
[14.195s] -- Installing: /home/jetson/Desktop/flight_ws/install/ldlidar_stl_ros2/share/ldlidar_stl_ros2/package.dsv
[14.196s] -- Installing: /home/jetson/Desktop/flight_ws/install/ldlidar_stl_ros2/share/ament_index/resource_index/packages/ldlidar_stl_ros2
[14.196s] -- Installing: /home/jetson/Desktop/flight_ws/install/ldlidar_stl_ros2/share/ldlidar_stl_ros2/cmake/ldlidar_stl_ros2Config.cmake
[14.197s] -- Installing: /home/jetson/Desktop/flight_ws/install/ldlidar_stl_ros2/share/ldlidar_stl_ros2/cmake/ldlidar_stl_ros2Config-version.cmake
[14.197s] -- Installing: /home/jetson/Desktop/flight_ws/install/ldlidar_stl_ros2/share/ldlidar_stl_ros2/package.xml
[14.204s] Invoked command in '/home/jetson/Desktop/flight_ws/build/ldlidar_stl_ros2' returned '0': CMAKE_PREFIX_PATH=/home/jetson/Desktop/flight_ws/install/ldlidar_stl_ros2:/home/jetson/Desktop/flight_ws/install/anolink:/home/jetson/ros2_ws/install/orbbec_description:/home/jetson/ros2_ws/install/orbbec_camera:/home/jetson/ros2_ws/install/orbbec_camera_msgs:/home/jetson/Desktop/flight_ws/install/tf2_flight:/home/jetson/Desktop/flight_ws/install/opencv_tools:/opt/ros/foxy:/home/jetson/yahboomcar_ws/devel /usr/bin/cmake --install /home/jetson/Desktop/flight_ws/build/ldlidar_stl_ros2
