[0.110s] DEBUG:colcon:Command line arguments: ['/home/chan/.local/bin/colcon', 'build']
[0.110s] DEBUG:colcon:Parsed command line arguments: Namespace(log_base=None, log_level=None, verb_name='build', build_base='build', install_base='install', merge_install=False, symlink_install=False, test_result_base=None, continue_on_error=False, executor='parallel', parallel_workers=16, event_handlers=None, ignore_user_meta=False, metas=['./colcon.meta'], base_paths=['.'], packages_ignore=None, packages_ignore_regex=None, paths=None, packages_up_to=None, packages_up_to_regex=None, packages_above=None, packages_above_and_dependencies=None, packages_above_depth=None, packages_select_by_dep=None, packages_skip_by_dep=None, packages_skip_up_to=None, packages_select_build_failed=False, packages_skip_build_finished=False, packages_select_test_failures=False, packages_skip_test_passed=False, packages_select=None, packages_skip=None, packages_select_regex=None, packages_skip_regex=None, packages_start=None, packages_end=None, allow_overriding=[], cmake_args=None, cmake_target=None, cmake_target_skip_unavailable=False, cmake_clean_cache=False, cmake_clean_first=False, cmake_force_configure=False, ament_cmake_args=None, catkin_cmake_args=None, catkin_skip_building_tests=False, verb_parser=<colcon_defaults.argument_parser.defaults.DefaultArgumentsDecorator object at 0x79e57b6de860>, verb_extension=<colcon_core.verb.build.BuildVerb object at 0x79e57b7c3ac0>, main=<bound method BuildVerb.main of <colcon_core.verb.build.BuildVerb object at 0x79e57b7c3ac0>>)
[0.149s] Level 1:colcon.colcon_core.package_discovery:discover_packages(colcon_meta) check parameters
[0.149s] Level 1:colcon.colcon_core.package_discovery:discover_packages(recursive) check parameters
[0.149s] Level 1:colcon.colcon_core.package_discovery:discover_packages(ignore) check parameters
[0.149s] Level 1:colcon.colcon_core.package_discovery:discover_packages(path) check parameters
[0.149s] Level 1:colcon.colcon_core.package_discovery:discover_packages(colcon_meta) discover
[0.149s] Level 1:colcon.colcon_core.package_discovery:discover_packages(recursive) discover
[0.149s] INFO:colcon.colcon_core.package_discovery:Crawling recursively for packages in '/home/chan/Documents/opencv_ws/src'
[0.150s] Level 1:colcon.colcon_core.package_identification:_identify(.) by extensions ['ignore', 'ignore_ament_install']
[0.150s] Level 1:colcon.colcon_core.package_identification:_identify(.) by extension 'ignore'
[0.150s] Level 1:colcon.colcon_core.package_identification:_identify(.) by extension 'ignore_ament_install'
[0.150s] Level 1:colcon.colcon_core.package_identification:_identify(.) by extensions ['colcon_pkg']
[0.150s] Level 1:colcon.colcon_core.package_identification:_identify(.) by extension 'colcon_pkg'
[0.150s] Level 1:colcon.colcon_core.package_identification:_identify(.) by extensions ['colcon_meta']
[0.150s] Level 1:colcon.colcon_core.package_identification:_identify(.) by extension 'colcon_meta'
[0.150s] Level 1:colcon.colcon_core.package_identification:_identify(.) by extensions ['ros']
[0.150s] Level 1:colcon.colcon_core.package_identification:_identify(.) by extension 'ros'
[0.161s] Level 1:colcon.colcon_core.package_identification:_identify(.) by extensions ['cmake', 'python']
[0.161s] Level 1:colcon.colcon_core.package_identification:_identify(.) by extension 'cmake'
[0.161s] Level 1:colcon.colcon_core.package_identification:_identify(.) by extension 'python'
[0.161s] Level 1:colcon.colcon_core.package_identification:_identify(.) by extensions ['python_setup_py']
[0.161s] Level 1:colcon.colcon_core.package_identification:_identify(.) by extension 'python_setup_py'
[0.162s] Level 1:colcon.colcon_core.package_identification:_identify(build) by extensions ['ignore', 'ignore_ament_install']
[0.162s] Level 1:colcon.colcon_core.package_identification:_identify(build) by extension 'ignore'
[0.162s] Level 1:colcon.colcon_core.package_identification:_identify(build) ignored
[0.162s] Level 1:colcon.colcon_core.package_identification:_identify(install) by extensions ['ignore', 'ignore_ament_install']
[0.162s] Level 1:colcon.colcon_core.package_identification:_identify(install) by extension 'ignore'
[0.162s] Level 1:colcon.colcon_core.package_identification:_identify(install) ignored
[0.162s] Level 1:colcon.colcon_core.package_identification:_identify(log) by extensions ['ignore', 'ignore_ament_install']
[0.162s] Level 1:colcon.colcon_core.package_identification:_identify(log) by extension 'ignore'
[0.162s] Level 1:colcon.colcon_core.package_identification:_identify(log) ignored
[0.162s] Level 1:colcon.colcon_core.package_identification:_identify(opencv_tools) by extensions ['ignore', 'ignore_ament_install']
[0.162s] Level 1:colcon.colcon_core.package_identification:_identify(opencv_tools) by extension 'ignore'
[0.162s] Level 1:colcon.colcon_core.package_identification:_identify(opencv_tools) by extension 'ignore_ament_install'
[0.162s] Level 1:colcon.colcon_core.package_identification:_identify(opencv_tools) by extensions ['colcon_pkg']
[0.162s] Level 1:colcon.colcon_core.package_identification:_identify(opencv_tools) by extension 'colcon_pkg'
[0.162s] Level 1:colcon.colcon_core.package_identification:_identify(opencv_tools) by extensions ['colcon_meta']
[0.163s] Level 1:colcon.colcon_core.package_identification:_identify(opencv_tools) by extension 'colcon_meta'
[0.163s] Level 1:colcon.colcon_core.package_identification:_identify(opencv_tools) by extensions ['ros']
[0.163s] Level 1:colcon.colcon_core.package_identification:_identify(opencv_tools) by extension 'ros'
[0.165s] DEBUG:colcon.colcon_core.package_identification:Package 'opencv_tools' with type 'ros.ament_python' and name 'opencv_tools'
[0.165s] Level 1:colcon.colcon_core.package_discovery:discover_packages(recursive) using defaults
[0.165s] Level 1:colcon.colcon_core.package_discovery:discover_packages(ignore) discover
[0.165s] Level 1:colcon.colcon_core.package_discovery:discover_packages(ignore) using defaults
[0.165s] Level 1:colcon.colcon_core.package_discovery:discover_packages(path) discover
[0.165s] Level 1:colcon.colcon_core.package_discovery:discover_packages(path) using defaults
[0.181s] Level 1:colcon.colcon_core.package_discovery:discover_packages(prefix_path) check parameters
[0.181s] Level 1:colcon.colcon_core.package_discovery:discover_packages(prefix_path) discover
[0.183s] DEBUG:colcon.colcon_installed_package_information.package_discovery:Found 1 installed packages in /home/chan/Documents/opencv_ws/install
[0.184s] DEBUG:colcon.colcon_installed_package_information.package_discovery:Found 276 installed packages in /opt/ros/humble
[0.185s] Level 1:colcon.colcon_core.package_discovery:discover_packages(prefix_path) using defaults
[0.216s] Level 5:colcon.colcon_core.verb:set package 'opencv_tools' build argument 'cmake_args' from command line to 'None'
[0.216s] Level 5:colcon.colcon_core.verb:set package 'opencv_tools' build argument 'cmake_target' from command line to 'None'
[0.216s] Level 5:colcon.colcon_core.verb:set package 'opencv_tools' build argument 'cmake_target_skip_unavailable' from command line to 'False'
[0.216s] Level 5:colcon.colcon_core.verb:set package 'opencv_tools' build argument 'cmake_clean_cache' from command line to 'False'
[0.216s] Level 5:colcon.colcon_core.verb:set package 'opencv_tools' build argument 'cmake_clean_first' from command line to 'False'
[0.216s] Level 5:colcon.colcon_core.verb:set package 'opencv_tools' build argument 'cmake_force_configure' from command line to 'False'
[0.216s] Level 5:colcon.colcon_core.verb:set package 'opencv_tools' build argument 'ament_cmake_args' from command line to 'None'
[0.217s] Level 5:colcon.colcon_core.verb:set package 'opencv_tools' build argument 'catkin_cmake_args' from command line to 'None'
[0.217s] Level 5:colcon.colcon_core.verb:set package 'opencv_tools' build argument 'catkin_skip_building_tests' from command line to 'False'
[0.217s] DEBUG:colcon.colcon_core.verb:Building package 'opencv_tools' with the following arguments: {'ament_cmake_args': None, 'build_base': '/home/chan/Documents/opencv_ws/src/build/opencv_tools', 'catkin_cmake_args': None, 'catkin_skip_building_tests': False, 'cmake_args': None, 'cmake_clean_cache': False, 'cmake_clean_first': False, 'cmake_force_configure': False, 'cmake_target': None, 'cmake_target_skip_unavailable': False, 'install_base': '/home/chan/Documents/opencv_ws/src/install/opencv_tools', 'merge_install': False, 'path': '/home/chan/Documents/opencv_ws/src/opencv_tools', 'symlink_install': False, 'test_result_base': None}
[0.217s] INFO:colcon.colcon_core.executor:Executing jobs using 'parallel' executor
[0.218s] DEBUG:colcon.colcon_parallel_executor.executor.parallel:run_until_complete
[0.218s] INFO:colcon.colcon_ros.task.ament_python.build:Building ROS package in '/home/chan/Documents/opencv_ws/src/opencv_tools' with build type 'ament_python'
[0.218s] Level 1:colcon.colcon_core.shell:create_environment_hook('opencv_tools', 'ament_prefix_path')
[0.219s] INFO:colcon.colcon_core.plugin_system:Skipping extension 'colcon_core.shell.bat': Not used on non-Windows systems
[0.220s] INFO:colcon.colcon_core.shell:Creating environment hook '/home/chan/Documents/opencv_ws/src/install/opencv_tools/share/opencv_tools/hook/ament_prefix_path.ps1'
[0.220s] INFO:colcon.colcon_core.shell:Creating environment descriptor '/home/chan/Documents/opencv_ws/src/install/opencv_tools/share/opencv_tools/hook/ament_prefix_path.dsv'
[0.220s] INFO:colcon.colcon_core.shell:Creating environment hook '/home/chan/Documents/opencv_ws/src/install/opencv_tools/share/opencv_tools/hook/ament_prefix_path.sh'
[0.221s] INFO:colcon.colcon_core.shell:Skip shell extension 'powershell' for command environment: Not usable outside of PowerShell
[0.221s] DEBUG:colcon.colcon_core.shell:Skip shell extension 'dsv' for command environment
[0.390s] INFO:colcon.colcon_core.task.python.build:Building Python package in '/home/chan/Documents/opencv_ws/src/opencv_tools'
[0.390s] INFO:colcon.colcon_core.shell:Skip shell extension 'powershell' for command environment: Not usable outside of PowerShell
[0.390s] DEBUG:colcon.colcon_core.shell:Skip shell extension 'dsv' for command environment
[0.812s] DEBUG:colcon.colcon_core.event_handler.log_command:Invoking command in '/home/chan/Documents/opencv_ws/src/opencv_tools': PYTHONPATH=/home/chan/Documents/opencv_ws/src/build/opencv_tools/prefix_override:/home/chan/.local/lib/python3.10/site-packages/colcon_core/task/python/colcon_distutils_commands:/home/chan/Documents/opencv_ws/src/install/opencv_tools/lib/python3.10/site-packages:${PYTHONPATH} /usr/bin/python3 -W ignore:setup.py install is deprecated setup.py egg_info --egg-base ../build/opencv_tools build --build-base /home/chan/Documents/opencv_ws/src/build/opencv_tools/build install --record /home/chan/Documents/opencv_ws/src/build/opencv_tools/install.log --single-version-externally-managed install_data
[1.203s] DEBUG:colcon.colcon_core.event_handler.log_command:Invoked command in '/home/chan/Documents/opencv_ws/src/opencv_tools' returned '0': PYTHONPATH=/home/chan/Documents/opencv_ws/src/build/opencv_tools/prefix_override:/home/chan/.local/lib/python3.10/site-packages/colcon_core/task/python/colcon_distutils_commands:/home/chan/Documents/opencv_ws/src/install/opencv_tools/lib/python3.10/site-packages:${PYTHONPATH} /usr/bin/python3 -W ignore:setup.py install is deprecated setup.py egg_info --egg-base ../build/opencv_tools build --build-base /home/chan/Documents/opencv_ws/src/build/opencv_tools/build install --record /home/chan/Documents/opencv_ws/src/build/opencv_tools/install.log --single-version-externally-managed install_data
[1.205s] Level 1:colcon.colcon_core.environment:checking '/home/chan/Documents/opencv_ws/src/install/opencv_tools' for CMake module files
[1.206s] Level 1:colcon.colcon_core.environment:checking '/home/chan/Documents/opencv_ws/src/install/opencv_tools' for CMake config files
[1.206s] Level 1:colcon.colcon_core.environment:checking '/home/chan/Documents/opencv_ws/src/install/opencv_tools/lib'
[1.206s] Level 1:colcon.colcon_core.environment:checking '/home/chan/Documents/opencv_ws/src/install/opencv_tools/bin'
[1.206s] Level 1:colcon.colcon_core.environment:checking '/home/chan/Documents/opencv_ws/src/install/opencv_tools/lib/pkgconfig/opencv_tools.pc'
[1.207s] Level 1:colcon.colcon_core.environment:checking '/home/chan/Documents/opencv_ws/src/install/opencv_tools/lib/python3.10/site-packages'
[1.207s] Level 1:colcon.colcon_core.shell:create_environment_hook('opencv_tools', 'pythonpath')
[1.207s] INFO:colcon.colcon_core.shell:Creating environment hook '/home/chan/Documents/opencv_ws/src/install/opencv_tools/share/opencv_tools/hook/pythonpath.ps1'
[1.207s] INFO:colcon.colcon_core.shell:Creating environment descriptor '/home/chan/Documents/opencv_ws/src/install/opencv_tools/share/opencv_tools/hook/pythonpath.dsv'
[1.207s] INFO:colcon.colcon_core.shell:Creating environment hook '/home/chan/Documents/opencv_ws/src/install/opencv_tools/share/opencv_tools/hook/pythonpath.sh'
[1.208s] Level 1:colcon.colcon_core.environment:checking '/home/chan/Documents/opencv_ws/src/install/opencv_tools/bin'
[1.208s] Level 1:colcon.colcon_core.environment:create_environment_scripts_only(opencv_tools)
[1.208s] INFO:colcon.colcon_core.shell:Creating package script '/home/chan/Documents/opencv_ws/src/install/opencv_tools/share/opencv_tools/package.ps1'
[1.209s] INFO:colcon.colcon_core.shell:Creating package descriptor '/home/chan/Documents/opencv_ws/src/install/opencv_tools/share/opencv_tools/package.dsv'
[1.209s] INFO:colcon.colcon_core.shell:Creating package script '/home/chan/Documents/opencv_ws/src/install/opencv_tools/share/opencv_tools/package.sh'
[1.210s] INFO:colcon.colcon_core.shell:Creating package script '/home/chan/Documents/opencv_ws/src/install/opencv_tools/share/opencv_tools/package.bash'
[1.210s] INFO:colcon.colcon_core.shell:Creating package script '/home/chan/Documents/opencv_ws/src/install/opencv_tools/share/opencv_tools/package.zsh'
[1.211s] Level 1:colcon.colcon_core.environment:create_file_with_runtime_dependencies(/home/chan/Documents/opencv_ws/src/install/opencv_tools/share/colcon-core/packages/opencv_tools)
[1.211s] DEBUG:colcon.colcon_parallel_executor.executor.parallel:closing loop
[1.211s] DEBUG:colcon.colcon_parallel_executor.executor.parallel:loop closed
[1.211s] DEBUG:colcon.colcon_parallel_executor.executor.parallel:run_until_complete finished with '0'
[1.211s] DEBUG:colcon.colcon_core.event_reactor:joining thread
[1.215s] INFO:colcon.colcon_core.plugin_system:Skipping extension 'colcon_notification.desktop_notification.terminal_notifier': Not used on non-Darwin systems
[1.215s] INFO:colcon.colcon_core.plugin_system:Skipping extension 'colcon_notification.desktop_notification.win32': Not used on non-Windows systems
[1.215s] INFO:colcon.colcon_notification.desktop_notification:Sending desktop notification using 'notify2'
[1.224s] DEBUG:colcon.colcon_core.event_reactor:joined thread
[1.224s] INFO:colcon.colcon_core.shell:Creating prefix script '/home/chan/Documents/opencv_ws/src/install/local_setup.ps1'
[1.225s] INFO:colcon.colcon_core.shell:Creating prefix util module '/home/chan/Documents/opencv_ws/src/install/_local_setup_util_ps1.py'
[1.226s] INFO:colcon.colcon_core.shell:Creating prefix chain script '/home/chan/Documents/opencv_ws/src/install/setup.ps1'
[1.227s] INFO:colcon.colcon_core.shell:Creating prefix script '/home/chan/Documents/opencv_ws/src/install/local_setup.sh'
[1.227s] INFO:colcon.colcon_core.shell:Creating prefix util module '/home/chan/Documents/opencv_ws/src/install/_local_setup_util_sh.py'
[1.228s] INFO:colcon.colcon_core.shell:Creating prefix chain script '/home/chan/Documents/opencv_ws/src/install/setup.sh'
[1.229s] INFO:colcon.colcon_core.shell:Creating prefix script '/home/chan/Documents/opencv_ws/src/install/local_setup.bash'
[1.229s] INFO:colcon.colcon_core.shell:Creating prefix chain script '/home/chan/Documents/opencv_ws/src/install/setup.bash'
[1.230s] INFO:colcon.colcon_core.shell:Creating prefix script '/home/chan/Documents/opencv_ws/src/install/local_setup.zsh'
[1.230s] INFO:colcon.colcon_core.shell:Creating prefix chain script '/home/chan/Documents/opencv_ws/src/install/setup.zsh'
