/home/jetson/Desktop/flight_ws/install/tf2_flight/lib/python3.8/site-packages/tf2_flight/test1.py
/home/jetson/Desktop/flight_ws/install/tf2_flight/lib/python3.8/site-packages/tf2_flight/world_frame_publisher.py
/home/jetson/Desktop/flight_ws/install/tf2_flight/lib/python3.8/site-packages/tf2_flight/init_pose.py
/home/jetson/Desktop/flight_ws/install/tf2_flight/lib/python3.8/site-packages/tf2_flight/__init__.py
/home/jetson/Desktop/flight_ws/install/tf2_flight/lib/python3.8/site-packages/tf2_flight/offset_calculator.py
/home/jetson/Desktop/flight_ws/install/tf2_flight/lib/python3.8/site-packages/tf2_flight/tf_listener.py
/home/jetson/Desktop/flight_ws/install/tf2_flight/lib/python3.8/site-packages/tf2_flight/__pycache__/test1.cpython-38.pyc
/home/jetson/Desktop/flight_ws/install/tf2_flight/lib/python3.8/site-packages/tf2_flight/__pycache__/world_frame_publisher.cpython-38.pyc
/home/jetson/Desktop/flight_ws/install/tf2_flight/lib/python3.8/site-packages/tf2_flight/__pycache__/init_pose.cpython-38.pyc
/home/jetson/Desktop/flight_ws/install/tf2_flight/lib/python3.8/site-packages/tf2_flight/__pycache__/__init__.cpython-38.pyc
/home/jetson/Desktop/flight_ws/install/tf2_flight/lib/python3.8/site-packages/tf2_flight/__pycache__/offset_calculator.cpython-38.pyc
/home/jetson/Desktop/flight_ws/install/tf2_flight/lib/python3.8/site-packages/tf2_flight/__pycache__/tf_listener.cpython-38.pyc
/home/jetson/Desktop/flight_ws/install/tf2_flight/share/ament_index/resource_index/packages/tf2_flight
/home/jetson/Desktop/flight_ws/install/tf2_flight/share/tf2_flight/package.xml
/home/jetson/Desktop/flight_ws/install/tf2_flight/share/tf2_flight/launch/tf2_flight.launch.py
/home/jetson/Desktop/flight_ws/install/tf2_flight/lib/python3.8/site-packages/tf2_flight-0.0.0-py3.8.egg-info/entry_points.txt
/home/jetson/Desktop/flight_ws/install/tf2_flight/lib/python3.8/site-packages/tf2_flight-0.0.0-py3.8.egg-info/PKG-INFO
/home/jetson/Desktop/flight_ws/install/tf2_flight/lib/python3.8/site-packages/tf2_flight-0.0.0-py3.8.egg-info/requires.txt
/home/jetson/Desktop/flight_ws/install/tf2_flight/lib/python3.8/site-packages/tf2_flight-0.0.0-py3.8.egg-info/top_level.txt
/home/jetson/Desktop/flight_ws/install/tf2_flight/lib/python3.8/site-packages/tf2_flight-0.0.0-py3.8.egg-info/dependency_links.txt
/home/jetson/Desktop/flight_ws/install/tf2_flight/lib/python3.8/site-packages/tf2_flight-0.0.0-py3.8.egg-info/SOURCES.txt
/home/jetson/Desktop/flight_ws/install/tf2_flight/lib/python3.8/site-packages/tf2_flight-0.0.0-py3.8.egg-info/zip-safe
/home/jetson/Desktop/flight_ws/install/tf2_flight/lib/tf2_flight/main3
/home/jetson/Desktop/flight_ws/install/tf2_flight/lib/tf2_flight/offset_calculator
/home/jetson/Desktop/flight_ws/install/tf2_flight/lib/tf2_flight/pose_pub
/home/jetson/Desktop/flight_ws/install/tf2_flight/lib/tf2_flight/tf_listener
/home/jetson/Desktop/flight_ws/install/tf2_flight/lib/tf2_flight/world_frame_publisher
