[0.635s] DEBUG:colcon:Command line arguments: ['/usr/bin/colcon', 'build']
[0.636s] DEBUG:colcon:Parsed command line arguments: Namespace(allow_overriding=[], ament_cmake_args=None, base_paths=['.'], build_base='build', catkin_cmake_args=None, catkin_skip_building_tests=False, cmake_args=None, cmake_clean_cache=False, cmake_clean_first=False, cmake_force_configure=False, cmake_target=None, cmake_target_skip_unavailable=False, continue_on_error=False, event_handlers=None, executor='parallel', ignore_user_meta=False, install_base='install', log_base=None, log_level=None, main=<bound method BuildVerb.main of <colcon_core.verb.build.BuildVerb object at 0xffffb179e7c0>>, merge_install=False, metas=['./colcon.meta'], packages_above=None, packages_above_and_dependencies=None, packages_above_depth=None, packages_end=None, packages_ignore=None, packages_ignore_regex=None, packages_select=None, packages_select_build_failed=False, packages_select_by_dep=None, packages_select_regex=None, packages_select_test_failures=False, packages_skip=None, packages_skip_build_finished=False, packages_skip_by_dep=None, packages_skip_regex=None, packages_skip_test_passed=False, packages_skip_up_to=None, packages_start=None, packages_up_to=None, packages_up_to_regex=None, parallel_workers=6, paths=None, symlink_install=False, test_result_base=None, verb_extension=<colcon_core.verb.build.BuildVerb object at 0xffffb179e7c0>, verb_name='build', verb_parser=<colcon_defaults.argument_parser.defaults.DefaultArgumentsDecorator object at 0xffffb179ef40>)
[0.770s] Level 1:colcon.colcon_core.package_discovery:discover_packages(colcon_meta) check parameters
[0.770s] Level 1:colcon.colcon_core.package_discovery:discover_packages(recursive) check parameters
[0.770s] Level 1:colcon.colcon_core.package_discovery:discover_packages(ignore) check parameters
[0.770s] Level 1:colcon.colcon_core.package_discovery:discover_packages(path) check parameters
[0.770s] Level 1:colcon.colcon_core.package_discovery:discover_packages(colcon_meta) discover
[0.770s] Level 1:colcon.colcon_core.package_discovery:discover_packages(recursive) discover
[0.771s] INFO:colcon.colcon_core.package_discovery:Crawling recursively for packages in '/home/jetson/Desktop/flight_ws'
[0.771s] Level 1:colcon.colcon_core.package_identification:_identify(.) by extensions ['ignore', 'ignore_ament_install']
[0.771s] Level 1:colcon.colcon_core.package_identification:_identify(.) by extension 'ignore'
[0.771s] Level 1:colcon.colcon_core.package_identification:_identify(.) by extension 'ignore_ament_install'
[0.771s] Level 1:colcon.colcon_core.package_identification:_identify(.) by extensions ['colcon_pkg']
[0.772s] Level 1:colcon.colcon_core.package_identification:_identify(.) by extension 'colcon_pkg'
[0.772s] Level 1:colcon.colcon_core.package_identification:_identify(.) by extensions ['colcon_meta']
[0.772s] Level 1:colcon.colcon_core.package_identification:_identify(.) by extension 'colcon_meta'
[0.772s] Level 1:colcon.colcon_core.package_identification:_identify(.) by extensions ['ros']
[0.772s] Level 1:colcon.colcon_core.package_identification:_identify(.) by extension 'ros'
[0.812s] Level 1:colcon.colcon_core.package_identification:_identify(.) by extensions ['cmake', 'python']
[0.812s] Level 1:colcon.colcon_core.package_identification:_identify(.) by extension 'cmake'
[0.812s] Level 1:colcon.colcon_core.package_identification:_identify(.) by extension 'python'
[0.813s] Level 1:colcon.colcon_core.package_identification:_identify(.) by extensions ['python_setup_py']
[0.813s] Level 1:colcon.colcon_core.package_identification:_identify(.) by extension 'python_setup_py'
[0.813s] Level 1:colcon.colcon_core.package_identification:_identify(build) by extensions ['ignore', 'ignore_ament_install']
[0.813s] Level 1:colcon.colcon_core.package_identification:_identify(build) by extension 'ignore'
[0.813s] Level 1:colcon.colcon_core.package_identification:_identify(build) ignored
[0.814s] Level 1:colcon.colcon_core.package_identification:_identify(install) by extensions ['ignore', 'ignore_ament_install']
[0.814s] Level 1:colcon.colcon_core.package_identification:_identify(install) by extension 'ignore'
[0.814s] Level 1:colcon.colcon_core.package_identification:_identify(install) ignored
[0.814s] Level 1:colcon.colcon_core.package_identification:_identify(log) by extensions ['ignore', 'ignore_ament_install']
[0.814s] Level 1:colcon.colcon_core.package_identification:_identify(log) by extension 'ignore'
[0.814s] Level 1:colcon.colcon_core.package_identification:_identify(log) ignored
[0.815s] Level 1:colcon.colcon_core.package_identification:_identify(src) by extensions ['ignore', 'ignore_ament_install']
[0.815s] Level 1:colcon.colcon_core.package_identification:_identify(src) by extension 'ignore'
[0.815s] Level 1:colcon.colcon_core.package_identification:_identify(src) by extension 'ignore_ament_install'
[0.815s] Level 1:colcon.colcon_core.package_identification:_identify(src) by extensions ['colcon_pkg']
[0.815s] Level 1:colcon.colcon_core.package_identification:_identify(src) by extension 'colcon_pkg'
[0.815s] Level 1:colcon.colcon_core.package_identification:_identify(src) by extensions ['colcon_meta']
[0.815s] Level 1:colcon.colcon_core.package_identification:_identify(src) by extension 'colcon_meta'
[0.815s] Level 1:colcon.colcon_core.package_identification:_identify(src) by extensions ['ros']
[0.815s] Level 1:colcon.colcon_core.package_identification:_identify(src) by extension 'ros'
[0.816s] Level 1:colcon.colcon_core.package_identification:_identify(src) by extensions ['cmake', 'python']
[0.816s] Level 1:colcon.colcon_core.package_identification:_identify(src) by extension 'cmake'
[0.816s] Level 1:colcon.colcon_core.package_identification:_identify(src) by extension 'python'
[0.816s] Level 1:colcon.colcon_core.package_identification:_identify(src) by extensions ['python_setup_py']
[0.816s] Level 1:colcon.colcon_core.package_identification:_identify(src) by extension 'python_setup_py'
[0.816s] Level 1:colcon.colcon_core.package_identification:_identify(src/build) by extensions ['ignore', 'ignore_ament_install']
[0.816s] Level 1:colcon.colcon_core.package_identification:_identify(src/build) by extension 'ignore'
[0.817s] Level 1:colcon.colcon_core.package_identification:_identify(src/build) ignored
[0.817s] Level 1:colcon.colcon_core.package_identification:_identify(src/install) by extensions ['ignore', 'ignore_ament_install']
[0.817s] Level 1:colcon.colcon_core.package_identification:_identify(src/install) by extension 'ignore'
[0.817s] Level 1:colcon.colcon_core.package_identification:_identify(src/install) ignored
[0.817s] Level 1:colcon.colcon_core.package_identification:_identify(src/ldlidar_stl_ros2) by extensions ['ignore', 'ignore_ament_install']
[0.817s] Level 1:colcon.colcon_core.package_identification:_identify(src/ldlidar_stl_ros2) by extension 'ignore'
[0.817s] Level 1:colcon.colcon_core.package_identification:_identify(src/ldlidar_stl_ros2) by extension 'ignore_ament_install'
[0.818s] Level 1:colcon.colcon_core.package_identification:_identify(src/ldlidar_stl_ros2) by extensions ['colcon_pkg']
[0.818s] Level 1:colcon.colcon_core.package_identification:_identify(src/ldlidar_stl_ros2) by extension 'colcon_pkg'
[0.818s] Level 1:colcon.colcon_core.package_identification:_identify(src/ldlidar_stl_ros2) by extensions ['colcon_meta']
[0.818s] Level 1:colcon.colcon_core.package_identification:_identify(src/ldlidar_stl_ros2) by extension 'colcon_meta'
[0.818s] Level 1:colcon.colcon_core.package_identification:_identify(src/ldlidar_stl_ros2) by extensions ['ros']
[0.818s] Level 1:colcon.colcon_core.package_identification:_identify(src/ldlidar_stl_ros2) by extension 'ros'
[0.825s] DEBUG:colcon.colcon_core.package_identification:Package 'src/ldlidar_stl_ros2' with type 'ros.ament_cmake' and name 'ldlidar_stl_ros2'
[0.825s] Level 1:colcon.colcon_core.package_identification:_identify(src/log) by extensions ['ignore', 'ignore_ament_install']
[0.825s] Level 1:colcon.colcon_core.package_identification:_identify(src/log) by extension 'ignore'
[0.826s] Level 1:colcon.colcon_core.package_identification:_identify(src/log) ignored
[0.826s] Level 1:colcon.colcon_core.package_identification:_identify(src/opencv_tools) by extensions ['ignore', 'ignore_ament_install']
[0.826s] Level 1:colcon.colcon_core.package_identification:_identify(src/opencv_tools) by extension 'ignore'
[0.826s] Level 1:colcon.colcon_core.package_identification:_identify(src/opencv_tools) by extension 'ignore_ament_install'
[0.826s] Level 1:colcon.colcon_core.package_identification:_identify(src/opencv_tools) by extensions ['colcon_pkg']
[0.826s] Level 1:colcon.colcon_core.package_identification:_identify(src/opencv_tools) by extension 'colcon_pkg'
[0.827s] Level 1:colcon.colcon_core.package_identification:_identify(src/opencv_tools) by extensions ['colcon_meta']
[0.827s] Level 1:colcon.colcon_core.package_identification:_identify(src/opencv_tools) by extension 'colcon_meta'
[0.827s] Level 1:colcon.colcon_core.package_identification:_identify(src/opencv_tools) by extensions ['ros']
[0.827s] Level 1:colcon.colcon_core.package_identification:_identify(src/opencv_tools) by extension 'ros'
[0.829s] DEBUG:colcon.colcon_core.package_identification:Package 'src/opencv_tools' with type 'ros.ament_python' and name 'opencv_tools'
[0.829s] Level 1:colcon.colcon_core.package_identification:_identify(src/tf2_flight) by extensions ['ignore', 'ignore_ament_install']
[0.829s] Level 1:colcon.colcon_core.package_identification:_identify(src/tf2_flight) by extension 'ignore'
[0.829s] Level 1:colcon.colcon_core.package_identification:_identify(src/tf2_flight) by extension 'ignore_ament_install'
[0.829s] Level 1:colcon.colcon_core.package_identification:_identify(src/tf2_flight) by extensions ['colcon_pkg']
[0.830s] Level 1:colcon.colcon_core.package_identification:_identify(src/tf2_flight) by extension 'colcon_pkg'
[0.830s] Level 1:colcon.colcon_core.package_identification:_identify(src/tf2_flight) by extensions ['colcon_meta']
[0.830s] Level 1:colcon.colcon_core.package_identification:_identify(src/tf2_flight) by extension 'colcon_meta'
[0.830s] Level 1:colcon.colcon_core.package_identification:_identify(src/tf2_flight) by extensions ['ros']
[0.830s] Level 1:colcon.colcon_core.package_identification:_identify(src/tf2_flight) by extension 'ros'
[0.831s] DEBUG:colcon.colcon_core.package_identification:Package 'src/tf2_flight' with type 'ros.ament_python' and name 'tf2_flight'
[0.832s] Level 1:colcon.colcon_core.package_discovery:discover_packages(recursive) using defaults
[0.832s] Level 1:colcon.colcon_core.package_discovery:discover_packages(ignore) discover
[0.832s] Level 1:colcon.colcon_core.package_discovery:discover_packages(ignore) using defaults
[0.832s] Level 1:colcon.colcon_core.package_discovery:discover_packages(path) discover
[0.832s] Level 1:colcon.colcon_core.package_discovery:discover_packages(path) using defaults
[0.886s] Level 1:colcon.colcon_core.package_discovery:discover_packages(prefix_path) check parameters
[0.887s] Level 1:colcon.colcon_core.package_discovery:discover_packages(prefix_path) discover
[0.891s] WARNING:colcon.colcon_ros.prefix_path.ament:The path '/home/jetson/Desktop/flight_ws/install/tf2_flight' in the environment variable AMENT_PREFIX_PATH doesn't exist
[0.891s] WARNING:colcon.colcon_ros.prefix_path.ament:The path '/home/jetson/Desktop/flight_ws/install/opencv_tools' in the environment variable AMENT_PREFIX_PATH doesn't exist
[0.891s] WARNING:colcon.colcon_ros.prefix_path.ament:The path '/home/jetson/Desktop/flight_ws/install/ldlidar_stl_ros2' in the environment variable AMENT_PREFIX_PATH doesn't exist
[0.891s] WARNING:colcon.colcon_ros.prefix_path.ament:The path '/home/jetson/Desktop/flight_ws/install/anolink' in the environment variable AMENT_PREFIX_PATH doesn't exist
[0.892s] WARNING:colcon.colcon_ros.prefix_path.catkin:The path '/home/jetson/Desktop/flight_ws/install/ldlidar_stl_ros2' in the environment variable CMAKE_PREFIX_PATH doesn't exist
[0.892s] WARNING:colcon.colcon_ros.prefix_path.catkin:The path '/home/jetson/Desktop/flight_ws/install/anolink' in the environment variable CMAKE_PREFIX_PATH doesn't exist
[0.894s] DEBUG:colcon.colcon_installed_package_information.package_discovery:Found 0 installed packages in /home/jetson/Desktop/flight_ws/install
[0.895s] DEBUG:colcon.colcon_installed_package_information.package_discovery:Found 3 installed packages in /home/jetson/ros2_ws/install
[0.897s] DEBUG:colcon.colcon_installed_package_information.package_discovery:Found 267 installed packages in /opt/ros/foxy
[0.903s] Level 1:colcon.colcon_core.package_discovery:discover_packages(prefix_path) using defaults
[1.041s] Level 5:colcon.colcon_core.verb:set package 'ldlidar_stl_ros2' build argument 'cmake_args' from command line to 'None'
[1.041s] Level 5:colcon.colcon_core.verb:set package 'ldlidar_stl_ros2' build argument 'cmake_target' from command line to 'None'
[1.041s] Level 5:colcon.colcon_core.verb:set package 'ldlidar_stl_ros2' build argument 'cmake_target_skip_unavailable' from command line to 'False'
[1.041s] Level 5:colcon.colcon_core.verb:set package 'ldlidar_stl_ros2' build argument 'cmake_clean_cache' from command line to 'False'
[1.041s] Level 5:colcon.colcon_core.verb:set package 'ldlidar_stl_ros2' build argument 'cmake_clean_first' from command line to 'False'
[1.042s] Level 5:colcon.colcon_core.verb:set package 'ldlidar_stl_ros2' build argument 'cmake_force_configure' from command line to 'False'
[1.042s] Level 5:colcon.colcon_core.verb:set package 'ldlidar_stl_ros2' build argument 'ament_cmake_args' from command line to 'None'
[1.042s] Level 5:colcon.colcon_core.verb:set package 'ldlidar_stl_ros2' build argument 'catkin_cmake_args' from command line to 'None'
[1.042s] Level 5:colcon.colcon_core.verb:set package 'ldlidar_stl_ros2' build argument 'catkin_skip_building_tests' from command line to 'False'
[1.042s] DEBUG:colcon.colcon_core.verb:Building package 'ldlidar_stl_ros2' with the following arguments: {'ament_cmake_args': None, 'build_base': '/home/jetson/Desktop/flight_ws/build/ldlidar_stl_ros2', 'catkin_cmake_args': None, 'catkin_skip_building_tests': False, 'cmake_args': None, 'cmake_clean_cache': False, 'cmake_clean_first': False, 'cmake_force_configure': False, 'cmake_target': None, 'cmake_target_skip_unavailable': False, 'install_base': '/home/jetson/Desktop/flight_ws/install/ldlidar_stl_ros2', 'merge_install': False, 'path': '/home/jetson/Desktop/flight_ws/src/ldlidar_stl_ros2', 'symlink_install': False, 'test_result_base': None}
[1.043s] Level 5:colcon.colcon_core.verb:set package 'opencv_tools' build argument 'cmake_args' from command line to 'None'
[1.043s] Level 5:colcon.colcon_core.verb:set package 'opencv_tools' build argument 'cmake_target' from command line to 'None'
[1.043s] Level 5:colcon.colcon_core.verb:set package 'opencv_tools' build argument 'cmake_target_skip_unavailable' from command line to 'False'
[1.043s] Level 5:colcon.colcon_core.verb:set package 'opencv_tools' build argument 'cmake_clean_cache' from command line to 'False'
[1.043s] Level 5:colcon.colcon_core.verb:set package 'opencv_tools' build argument 'cmake_clean_first' from command line to 'False'
[1.043s] Level 5:colcon.colcon_core.verb:set package 'opencv_tools' build argument 'cmake_force_configure' from command line to 'False'
[1.043s] Level 5:colcon.colcon_core.verb:set package 'opencv_tools' build argument 'ament_cmake_args' from command line to 'None'
[1.043s] Level 5:colcon.colcon_core.verb:set package 'opencv_tools' build argument 'catkin_cmake_args' from command line to 'None'
[1.043s] Level 5:colcon.colcon_core.verb:set package 'opencv_tools' build argument 'catkin_skip_building_tests' from command line to 'False'
[1.043s] DEBUG:colcon.colcon_core.verb:Building package 'opencv_tools' with the following arguments: {'ament_cmake_args': None, 'build_base': '/home/jetson/Desktop/flight_ws/build/opencv_tools', 'catkin_cmake_args': None, 'catkin_skip_building_tests': False, 'cmake_args': None, 'cmake_clean_cache': False, 'cmake_clean_first': False, 'cmake_force_configure': False, 'cmake_target': None, 'cmake_target_skip_unavailable': False, 'install_base': '/home/jetson/Desktop/flight_ws/install/opencv_tools', 'merge_install': False, 'path': '/home/jetson/Desktop/flight_ws/src/opencv_tools', 'symlink_install': False, 'test_result_base': None}
[1.044s] Level 5:colcon.colcon_core.verb:set package 'tf2_flight' build argument 'cmake_args' from command line to 'None'
[1.044s] Level 5:colcon.colcon_core.verb:set package 'tf2_flight' build argument 'cmake_target' from command line to 'None'
[1.044s] Level 5:colcon.colcon_core.verb:set package 'tf2_flight' build argument 'cmake_target_skip_unavailable' from command line to 'False'
[1.044s] Level 5:colcon.colcon_core.verb:set package 'tf2_flight' build argument 'cmake_clean_cache' from command line to 'False'
[1.044s] Level 5:colcon.colcon_core.verb:set package 'tf2_flight' build argument 'cmake_clean_first' from command line to 'False'
[1.044s] Level 5:colcon.colcon_core.verb:set package 'tf2_flight' build argument 'cmake_force_configure' from command line to 'False'
[1.044s] Level 5:colcon.colcon_core.verb:set package 'tf2_flight' build argument 'ament_cmake_args' from command line to 'None'
[1.044s] Level 5:colcon.colcon_core.verb:set package 'tf2_flight' build argument 'catkin_cmake_args' from command line to 'None'
[1.044s] Level 5:colcon.colcon_core.verb:set package 'tf2_flight' build argument 'catkin_skip_building_tests' from command line to 'False'
[1.044s] DEBUG:colcon.colcon_core.verb:Building package 'tf2_flight' with the following arguments: {'ament_cmake_args': None, 'build_base': '/home/jetson/Desktop/flight_ws/build/tf2_flight', 'catkin_cmake_args': None, 'catkin_skip_building_tests': False, 'cmake_args': None, 'cmake_clean_cache': False, 'cmake_clean_first': False, 'cmake_force_configure': False, 'cmake_target': None, 'cmake_target_skip_unavailable': False, 'install_base': '/home/jetson/Desktop/flight_ws/install/tf2_flight', 'merge_install': False, 'path': '/home/jetson/Desktop/flight_ws/src/tf2_flight', 'symlink_install': False, 'test_result_base': None}
[1.045s] INFO:colcon.colcon_core.executor:Executing jobs using 'parallel' executor
[1.048s] DEBUG:colcon.colcon_parallel_executor.executor.parallel:run_until_complete
[1.049s] INFO:colcon.colcon_ros.task.ament_cmake.build:Building ROS package in '/home/jetson/Desktop/flight_ws/src/ldlidar_stl_ros2' with build type 'ament_cmake'
[1.049s] INFO:colcon.colcon_cmake.task.cmake.build:Building CMake package in '/home/jetson/Desktop/flight_ws/src/ldlidar_stl_ros2'
[1.058s] INFO:colcon.colcon_core.plugin_system:Skipping extension 'colcon_core.shell.bat': Not used on non-Windows systems
[1.058s] INFO:colcon.colcon_core.shell:Skip shell extension 'powershell' for command environment: Not usable outside of PowerShell
[1.058s] DEBUG:colcon.colcon_core.shell:Skip shell extension 'dsv' for command environment
[1.063s] DEBUG:colcon.colcon_core.shell:Ignoring prefix path '/home/jetson/yahboomcar_ws/devel'
[1.071s] INFO:colcon.colcon_ros.task.ament_python.build:Building ROS package in '/home/jetson/Desktop/flight_ws/src/opencv_tools' with build type 'ament_python'
[1.072s] Level 1:colcon.colcon_core.shell:create_environment_hook('opencv_tools', 'ament_prefix_path')
[1.073s] INFO:colcon.colcon_core.shell:Creating environment hook '/home/jetson/Desktop/flight_ws/install/opencv_tools/share/opencv_tools/hook/ament_prefix_path.ps1'
[1.075s] INFO:colcon.colcon_core.shell:Creating environment descriptor '/home/jetson/Desktop/flight_ws/install/opencv_tools/share/opencv_tools/hook/ament_prefix_path.dsv'
[1.076s] INFO:colcon.colcon_core.shell:Creating environment hook '/home/jetson/Desktop/flight_ws/install/opencv_tools/share/opencv_tools/hook/ament_prefix_path.sh'
[1.078s] INFO:colcon.colcon_core.shell:Skip shell extension 'powershell' for command environment: Not usable outside of PowerShell
[1.078s] DEBUG:colcon.colcon_core.shell:Skip shell extension 'dsv' for command environment
[1.084s] DEBUG:colcon.colcon_core.shell:Ignoring prefix path '/home/jetson/yahboomcar_ws/devel'
[1.092s] INFO:colcon.colcon_ros.task.ament_python.build:Building ROS package in '/home/jetson/Desktop/flight_ws/src/tf2_flight' with build type 'ament_python'
[1.093s] Level 1:colcon.colcon_core.shell:create_environment_hook('tf2_flight', 'ament_prefix_path')
[1.094s] INFO:colcon.colcon_core.shell:Creating environment hook '/home/jetson/Desktop/flight_ws/install/tf2_flight/share/tf2_flight/hook/ament_prefix_path.ps1'
[1.096s] INFO:colcon.colcon_core.shell:Creating environment descriptor '/home/jetson/Desktop/flight_ws/install/tf2_flight/share/tf2_flight/hook/ament_prefix_path.dsv'
[1.097s] INFO:colcon.colcon_core.shell:Creating environment hook '/home/jetson/Desktop/flight_ws/install/tf2_flight/share/tf2_flight/hook/ament_prefix_path.sh'
[1.098s] INFO:colcon.colcon_core.shell:Skip shell extension 'powershell' for command environment: Not usable outside of PowerShell
[1.099s] DEBUG:colcon.colcon_core.shell:Skip shell extension 'dsv' for command environment
[1.104s] DEBUG:colcon.colcon_core.shell:Ignoring prefix path '/home/jetson/yahboomcar_ws/devel'
[1.119s] DEBUG:colcon.colcon_core.event_handler.log_command:Invoking command in '/home/jetson/Desktop/flight_ws/build/ldlidar_stl_ros2': CMAKE_PREFIX_PATH=/home/jetson/Desktop/flight_ws/install/ldlidar_stl_ros2:/home/jetson/Desktop/flight_ws/install/anolink:/home/jetson/ros2_ws/install/orbbec_description:/home/jetson/ros2_ws/install/orbbec_camera:/home/jetson/ros2_ws/install/orbbec_camera_msgs:/home/jetson/Desktop/flight_ws/install/tf2_flight:/home/jetson/Desktop/flight_ws/install/opencv_tools:/opt/ros/foxy:/home/jetson/yahboomcar_ws/devel /usr/bin/cmake /home/jetson/Desktop/flight_ws/src/ldlidar_stl_ros2 -DCMAKE_INSTALL_PREFIX=/home/jetson/Desktop/flight_ws/install/ldlidar_stl_ros2
[1.734s] INFO:colcon.colcon_core.task.python.build:Building Python package in '/home/jetson/Desktop/flight_ws/src/opencv_tools'
[1.736s] INFO:colcon.colcon_core.shell:Skip shell extension 'powershell' for command environment: Not usable outside of PowerShell
[1.736s] DEBUG:colcon.colcon_core.shell:Skip shell extension 'dsv' for command environment
[1.741s] DEBUG:colcon.colcon_core.shell:Ignoring prefix path '/home/jetson/yahboomcar_ws/devel'
[2.411s] INFO:colcon.colcon_core.task.python.build:Building Python package in '/home/jetson/Desktop/flight_ws/src/tf2_flight'
[2.413s] INFO:colcon.colcon_core.shell:Skip shell extension 'powershell' for command environment: Not usable outside of PowerShell
[2.413s] DEBUG:colcon.colcon_core.shell:Skip shell extension 'dsv' for command environment
[2.420s] DEBUG:colcon.colcon_core.shell:Ignoring prefix path '/home/jetson/yahboomcar_ws/devel'
[4.492s] DEBUG:colcon.colcon_core.event_handler.log_command:Invoking command in '/home/jetson/Desktop/flight_ws/src/opencv_tools': PYTHONPATH=/home/jetson/Desktop/flight_ws/build/opencv_tools/prefix_override:/usr/lib/python3/dist-packages/colcon_core/task/python/colcon_distutils_commands:/home/jetson/Desktop/flight_ws/install/opencv_tools/lib/python3.8/site-packages:${PYTHONPATH} /usr/bin/python3 -W ignore:setup.py install is deprecated setup.py egg_info --egg-base ../../build/opencv_tools build --build-base /home/jetson/Desktop/flight_ws/build/opencv_tools/build install --record /home/jetson/Desktop/flight_ws/build/opencv_tools/install.log --single-version-externally-managed install_data
[4.530s] DEBUG:colcon.colcon_core.event_handler.log_command:Invoking command in '/home/jetson/Desktop/flight_ws/src/tf2_flight': PYTHONPATH=/home/jetson/Desktop/flight_ws/build/tf2_flight/prefix_override:/usr/lib/python3/dist-packages/colcon_core/task/python/colcon_distutils_commands:/home/jetson/Desktop/flight_ws/install/tf2_flight/lib/python3.8/site-packages:${PYTHONPATH} /usr/bin/python3 -W ignore:setup.py install is deprecated setup.py egg_info --egg-base ../../build/tf2_flight build --build-base /home/jetson/Desktop/flight_ws/build/tf2_flight/build install --record /home/jetson/Desktop/flight_ws/build/tf2_flight/install.log --single-version-externally-managed install_data
[5.532s] DEBUG:colcon.colcon_core.event_handler.log_command:Invoked command in '/home/jetson/Desktop/flight_ws/build/ldlidar_stl_ros2' returned '0': CMAKE_PREFIX_PATH=/home/jetson/Desktop/flight_ws/install/ldlidar_stl_ros2:/home/jetson/Desktop/flight_ws/install/anolink:/home/jetson/ros2_ws/install/orbbec_description:/home/jetson/ros2_ws/install/orbbec_camera:/home/jetson/ros2_ws/install/orbbec_camera_msgs:/home/jetson/Desktop/flight_ws/install/tf2_flight:/home/jetson/Desktop/flight_ws/install/opencv_tools:/opt/ros/foxy:/home/jetson/yahboomcar_ws/devel /usr/bin/cmake /home/jetson/Desktop/flight_ws/src/ldlidar_stl_ros2 -DCMAKE_INSTALL_PREFIX=/home/jetson/Desktop/flight_ws/install/ldlidar_stl_ros2
[5.539s] DEBUG:colcon.colcon_core.event_handler.log_command:Invoking command in '/home/jetson/Desktop/flight_ws/build/ldlidar_stl_ros2': CMAKE_PREFIX_PATH=/home/jetson/Desktop/flight_ws/install/ldlidar_stl_ros2:/home/jetson/Desktop/flight_ws/install/anolink:/home/jetson/ros2_ws/install/orbbec_description:/home/jetson/ros2_ws/install/orbbec_camera:/home/jetson/ros2_ws/install/orbbec_camera_msgs:/home/jetson/Desktop/flight_ws/install/tf2_flight:/home/jetson/Desktop/flight_ws/install/opencv_tools:/opt/ros/foxy:/home/jetson/yahboomcar_ws/devel /usr/bin/cmake --build /home/jetson/Desktop/flight_ws/build/ldlidar_stl_ros2 -- -j6 -l6
[6.189s] DEBUG:colcon.colcon_core.event_handler.log_command:Invoked command in '/home/jetson/Desktop/flight_ws/src/opencv_tools' returned '0': PYTHONPATH=/home/jetson/Desktop/flight_ws/build/opencv_tools/prefix_override:/usr/lib/python3/dist-packages/colcon_core/task/python/colcon_distutils_commands:/home/jetson/Desktop/flight_ws/install/opencv_tools/lib/python3.8/site-packages:${PYTHONPATH} /usr/bin/python3 -W ignore:setup.py install is deprecated setup.py egg_info --egg-base ../../build/opencv_tools build --build-base /home/jetson/Desktop/flight_ws/build/opencv_tools/build install --record /home/jetson/Desktop/flight_ws/build/opencv_tools/install.log --single-version-externally-managed install_data
[6.198s] Level 1:colcon.colcon_core.environment:checking '/home/jetson/Desktop/flight_ws/install/opencv_tools' for CMake module files
[6.199s] Level 1:colcon.colcon_core.environment:checking '/home/jetson/Desktop/flight_ws/install/opencv_tools' for CMake config files
[6.201s] Level 1:colcon.colcon_core.environment:checking '/home/jetson/Desktop/flight_ws/install/opencv_tools/lib'
[6.202s] Level 1:colcon.colcon_core.environment:checking '/home/jetson/Desktop/flight_ws/install/opencv_tools/bin'
[6.202s] Level 1:colcon.colcon_core.environment:checking '/home/jetson/Desktop/flight_ws/install/opencv_tools/lib/pkgconfig/opencv_tools.pc'
[6.202s] Level 1:colcon.colcon_core.environment:checking '/home/jetson/Desktop/flight_ws/install/opencv_tools/lib/python3.8/site-packages'
[6.203s] Level 1:colcon.colcon_core.shell:create_environment_hook('opencv_tools', 'pythonpath')
[6.203s] INFO:colcon.colcon_core.shell:Creating environment hook '/home/jetson/Desktop/flight_ws/install/opencv_tools/share/opencv_tools/hook/pythonpath.ps1'
[6.204s] INFO:colcon.colcon_core.shell:Creating environment descriptor '/home/jetson/Desktop/flight_ws/install/opencv_tools/share/opencv_tools/hook/pythonpath.dsv'
[6.205s] INFO:colcon.colcon_core.shell:Creating environment hook '/home/jetson/Desktop/flight_ws/install/opencv_tools/share/opencv_tools/hook/pythonpath.sh'
[6.207s] Level 1:colcon.colcon_core.environment:checking '/home/jetson/Desktop/flight_ws/install/opencv_tools/bin'
[6.207s] Level 1:colcon.colcon_core.environment:create_environment_scripts_only(opencv_tools)
[6.208s] INFO:colcon.colcon_core.shell:Creating package script '/home/jetson/Desktop/flight_ws/install/opencv_tools/share/opencv_tools/package.ps1'
[6.210s] INFO:colcon.colcon_core.shell:Creating package descriptor '/home/jetson/Desktop/flight_ws/install/opencv_tools/share/opencv_tools/package.dsv'
[6.211s] INFO:colcon.colcon_core.shell:Creating package script '/home/jetson/Desktop/flight_ws/install/opencv_tools/share/opencv_tools/package.sh'
[6.213s] INFO:colcon.colcon_core.shell:Creating package script '/home/jetson/Desktop/flight_ws/install/opencv_tools/share/opencv_tools/package.bash'
[6.296s] INFO:colcon.colcon_core.shell:Creating package script '/home/jetson/Desktop/flight_ws/install/opencv_tools/share/opencv_tools/package.zsh'
[6.299s] Level 1:colcon.colcon_core.environment:create_file_with_runtime_dependencies(/home/jetson/Desktop/flight_ws/install/opencv_tools/share/colcon-core/packages/opencv_tools)
[6.539s] Level 1:colcon.colcon_core.environment:checking '/home/jetson/Desktop/flight_ws/install/tf2_flight' for CMake module files
[6.540s] Level 1:colcon.colcon_core.environment:checking '/home/jetson/Desktop/flight_ws/install/tf2_flight' for CMake config files
[6.542s] Level 1:colcon.colcon_core.environment:checking '/home/jetson/Desktop/flight_ws/install/tf2_flight/lib'
[6.543s] DEBUG:colcon.colcon_core.event_handler.log_command:Invoked command in '/home/jetson/Desktop/flight_ws/src/tf2_flight' returned '0': PYTHONPATH=/home/jetson/Desktop/flight_ws/build/tf2_flight/prefix_override:/usr/lib/python3/dist-packages/colcon_core/task/python/colcon_distutils_commands:/home/jetson/Desktop/flight_ws/install/tf2_flight/lib/python3.8/site-packages:${PYTHONPATH} /usr/bin/python3 -W ignore:setup.py install is deprecated setup.py egg_info --egg-base ../../build/tf2_flight build --build-base /home/jetson/Desktop/flight_ws/build/tf2_flight/build install --record /home/jetson/Desktop/flight_ws/build/tf2_flight/install.log --single-version-externally-managed install_data
[6.543s] Level 1:colcon.colcon_core.environment:checking '/home/jetson/Desktop/flight_ws/install/tf2_flight/bin'
[6.543s] Level 1:colcon.colcon_core.environment:checking '/home/jetson/Desktop/flight_ws/install/tf2_flight/lib/pkgconfig/tf2_flight.pc'
[6.544s] Level 1:colcon.colcon_core.environment:checking '/home/jetson/Desktop/flight_ws/install/tf2_flight/lib/python3.8/site-packages'
[6.544s] Level 1:colcon.colcon_core.shell:create_environment_hook('tf2_flight', 'pythonpath')
[6.545s] INFO:colcon.colcon_core.shell:Creating environment hook '/home/jetson/Desktop/flight_ws/install/tf2_flight/share/tf2_flight/hook/pythonpath.ps1'
[6.546s] INFO:colcon.colcon_core.shell:Creating environment descriptor '/home/jetson/Desktop/flight_ws/install/tf2_flight/share/tf2_flight/hook/pythonpath.dsv'
[6.547s] INFO:colcon.colcon_core.shell:Creating environment hook '/home/jetson/Desktop/flight_ws/install/tf2_flight/share/tf2_flight/hook/pythonpath.sh'
[6.548s] Level 1:colcon.colcon_core.environment:checking '/home/jetson/Desktop/flight_ws/install/tf2_flight/bin'
[6.548s] Level 1:colcon.colcon_core.environment:create_environment_scripts_only(tf2_flight)
[6.549s] INFO:colcon.colcon_core.shell:Creating package script '/home/jetson/Desktop/flight_ws/install/tf2_flight/share/tf2_flight/package.ps1'
[6.556s] INFO:colcon.colcon_core.shell:Creating package descriptor '/home/jetson/Desktop/flight_ws/install/tf2_flight/share/tf2_flight/package.dsv'
[6.558s] INFO:colcon.colcon_core.shell:Creating package script '/home/jetson/Desktop/flight_ws/install/tf2_flight/share/tf2_flight/package.sh'
[6.559s] INFO:colcon.colcon_core.shell:Creating package script '/home/jetson/Desktop/flight_ws/install/tf2_flight/share/tf2_flight/package.bash'
[6.560s] INFO:colcon.colcon_core.shell:Creating package script '/home/jetson/Desktop/flight_ws/install/tf2_flight/share/tf2_flight/package.zsh'
[6.561s] Level 1:colcon.colcon_core.environment:create_file_with_runtime_dependencies(/home/jetson/Desktop/flight_ws/install/tf2_flight/share/colcon-core/packages/tf2_flight)
[15.092s] DEBUG:colcon.colcon_core.event_handler.log_command:Invoked command in '/home/jetson/Desktop/flight_ws/build/ldlidar_stl_ros2' returned '0': CMAKE_PREFIX_PATH=/home/jetson/Desktop/flight_ws/install/ldlidar_stl_ros2:/home/jetson/Desktop/flight_ws/install/anolink:/home/jetson/ros2_ws/install/orbbec_description:/home/jetson/ros2_ws/install/orbbec_camera:/home/jetson/ros2_ws/install/orbbec_camera_msgs:/home/jetson/Desktop/flight_ws/install/tf2_flight:/home/jetson/Desktop/flight_ws/install/opencv_tools:/opt/ros/foxy:/home/jetson/yahboomcar_ws/devel /usr/bin/cmake --build /home/jetson/Desktop/flight_ws/build/ldlidar_stl_ros2 -- -j6 -l6
[15.205s] DEBUG:colcon.colcon_core.event_handler.log_command:Invoking command in '/home/jetson/Desktop/flight_ws/build/ldlidar_stl_ros2': CMAKE_PREFIX_PATH=/home/jetson/Desktop/flight_ws/install/ldlidar_stl_ros2:/home/jetson/Desktop/flight_ws/install/anolink:/home/jetson/ros2_ws/install/orbbec_description:/home/jetson/ros2_ws/install/orbbec_camera:/home/jetson/ros2_ws/install/orbbec_camera_msgs:/home/jetson/Desktop/flight_ws/install/tf2_flight:/home/jetson/Desktop/flight_ws/install/opencv_tools:/opt/ros/foxy:/home/jetson/yahboomcar_ws/devel /usr/bin/cmake --install /home/jetson/Desktop/flight_ws/build/ldlidar_stl_ros2
[15.251s] Level 1:colcon.colcon_core.environment:create_environment_scripts_only(ldlidar_stl_ros2)
[15.252s] Level 1:colcon.colcon_core.environment:checking '/home/jetson/Desktop/flight_ws/install/ldlidar_stl_ros2' for CMake module files
[15.254s] DEBUG:colcon.colcon_core.event_handler.log_command:Invoked command in '/home/jetson/Desktop/flight_ws/build/ldlidar_stl_ros2' returned '0': CMAKE_PREFIX_PATH=/home/jetson/Desktop/flight_ws/install/ldlidar_stl_ros2:/home/jetson/Desktop/flight_ws/install/anolink:/home/jetson/ros2_ws/install/orbbec_description:/home/jetson/ros2_ws/install/orbbec_camera:/home/jetson/ros2_ws/install/orbbec_camera_msgs:/home/jetson/Desktop/flight_ws/install/tf2_flight:/home/jetson/Desktop/flight_ws/install/opencv_tools:/opt/ros/foxy:/home/jetson/yahboomcar_ws/devel /usr/bin/cmake --install /home/jetson/Desktop/flight_ws/build/ldlidar_stl_ros2
[15.255s] Level 1:colcon.colcon_core.environment:checking '/home/jetson/Desktop/flight_ws/install/ldlidar_stl_ros2' for CMake config files
[15.255s] Level 1:colcon.colcon_core.shell:create_environment_hook('ldlidar_stl_ros2', 'cmake_prefix_path')
[15.256s] INFO:colcon.colcon_core.shell:Creating environment hook '/home/jetson/Desktop/flight_ws/install/ldlidar_stl_ros2/share/ldlidar_stl_ros2/hook/cmake_prefix_path.ps1'
[15.258s] INFO:colcon.colcon_core.shell:Creating environment descriptor '/home/jetson/Desktop/flight_ws/install/ldlidar_stl_ros2/share/ldlidar_stl_ros2/hook/cmake_prefix_path.dsv'
[15.258s] INFO:colcon.colcon_core.shell:Creating environment hook '/home/jetson/Desktop/flight_ws/install/ldlidar_stl_ros2/share/ldlidar_stl_ros2/hook/cmake_prefix_path.sh'
[15.260s] Level 1:colcon.colcon_core.environment:checking '/home/jetson/Desktop/flight_ws/install/ldlidar_stl_ros2/lib'
[15.260s] Level 1:colcon.colcon_core.environment:checking '/home/jetson/Desktop/flight_ws/install/ldlidar_stl_ros2/bin'
[15.260s] Level 1:colcon.colcon_core.environment:checking '/home/jetson/Desktop/flight_ws/install/ldlidar_stl_ros2/lib/pkgconfig/ldlidar_stl_ros2.pc'
[15.261s] Level 1:colcon.colcon_core.environment:checking '/home/jetson/Desktop/flight_ws/install/ldlidar_stl_ros2/lib/python3.8/site-packages'
[15.261s] Level 1:colcon.colcon_core.environment:checking '/home/jetson/Desktop/flight_ws/install/ldlidar_stl_ros2/bin'
[15.262s] INFO:colcon.colcon_core.shell:Creating package script '/home/jetson/Desktop/flight_ws/install/ldlidar_stl_ros2/share/ldlidar_stl_ros2/package.ps1'
[15.263s] INFO:colcon.colcon_core.shell:Creating package descriptor '/home/jetson/Desktop/flight_ws/install/ldlidar_stl_ros2/share/ldlidar_stl_ros2/package.dsv'
[15.263s] INFO:colcon.colcon_core.shell:Creating package script '/home/jetson/Desktop/flight_ws/install/ldlidar_stl_ros2/share/ldlidar_stl_ros2/package.sh'
[15.264s] INFO:colcon.colcon_core.shell:Creating package script '/home/jetson/Desktop/flight_ws/install/ldlidar_stl_ros2/share/ldlidar_stl_ros2/package.bash'
[15.265s] INFO:colcon.colcon_core.shell:Creating package script '/home/jetson/Desktop/flight_ws/install/ldlidar_stl_ros2/share/ldlidar_stl_ros2/package.zsh'
[15.265s] Level 1:colcon.colcon_core.environment:create_file_with_runtime_dependencies(/home/jetson/Desktop/flight_ws/install/ldlidar_stl_ros2/share/colcon-core/packages/ldlidar_stl_ros2)
[15.349s] Level 1:colcon.colcon_core.environment:create_environment_scripts_only(ldlidar_stl_ros2)
[15.350s] Level 1:colcon.colcon_core.environment:checking '/home/jetson/Desktop/flight_ws/install/ldlidar_stl_ros2' for CMake module files
[15.351s] Level 1:colcon.colcon_core.environment:checking '/home/jetson/Desktop/flight_ws/install/ldlidar_stl_ros2' for CMake config files
[15.352s] Level 1:colcon.colcon_core.shell:create_environment_hook('ldlidar_stl_ros2', 'cmake_prefix_path')
[15.352s] INFO:colcon.colcon_core.shell:Creating environment hook '/home/jetson/Desktop/flight_ws/install/ldlidar_stl_ros2/share/ldlidar_stl_ros2/hook/cmake_prefix_path.ps1'
[15.354s] INFO:colcon.colcon_core.shell:Creating environment descriptor '/home/jetson/Desktop/flight_ws/install/ldlidar_stl_ros2/share/ldlidar_stl_ros2/hook/cmake_prefix_path.dsv'
[15.354s] INFO:colcon.colcon_core.shell:Creating environment hook '/home/jetson/Desktop/flight_ws/install/ldlidar_stl_ros2/share/ldlidar_stl_ros2/hook/cmake_prefix_path.sh'
[15.356s] Level 1:colcon.colcon_core.environment:checking '/home/jetson/Desktop/flight_ws/install/ldlidar_stl_ros2/lib'
[15.356s] Level 1:colcon.colcon_core.environment:checking '/home/jetson/Desktop/flight_ws/install/ldlidar_stl_ros2/bin'
[15.356s] Level 1:colcon.colcon_core.environment:checking '/home/jetson/Desktop/flight_ws/install/ldlidar_stl_ros2/lib/pkgconfig/ldlidar_stl_ros2.pc'
[15.357s] Level 1:colcon.colcon_core.environment:checking '/home/jetson/Desktop/flight_ws/install/ldlidar_stl_ros2/lib/python3.8/site-packages'
[15.357s] Level 1:colcon.colcon_core.environment:checking '/home/jetson/Desktop/flight_ws/install/ldlidar_stl_ros2/bin'
[15.358s] INFO:colcon.colcon_core.shell:Creating package script '/home/jetson/Desktop/flight_ws/install/ldlidar_stl_ros2/share/ldlidar_stl_ros2/package.ps1'
[15.359s] INFO:colcon.colcon_core.shell:Creating package descriptor '/home/jetson/Desktop/flight_ws/install/ldlidar_stl_ros2/share/ldlidar_stl_ros2/package.dsv'
[15.360s] INFO:colcon.colcon_core.shell:Creating package script '/home/jetson/Desktop/flight_ws/install/ldlidar_stl_ros2/share/ldlidar_stl_ros2/package.sh'
[15.361s] INFO:colcon.colcon_core.shell:Creating package script '/home/jetson/Desktop/flight_ws/install/ldlidar_stl_ros2/share/ldlidar_stl_ros2/package.bash'
[15.362s] INFO:colcon.colcon_core.shell:Creating package script '/home/jetson/Desktop/flight_ws/install/ldlidar_stl_ros2/share/ldlidar_stl_ros2/package.zsh'
[15.363s] Level 1:colcon.colcon_core.environment:create_file_with_runtime_dependencies(/home/jetson/Desktop/flight_ws/install/ldlidar_stl_ros2/share/colcon-core/packages/ldlidar_stl_ros2)
[15.364s] DEBUG:colcon.colcon_parallel_executor.executor.parallel:closing loop
[15.365s] DEBUG:colcon.colcon_parallel_executor.executor.parallel:loop closed
[15.365s] DEBUG:colcon.colcon_parallel_executor.executor.parallel:run_until_complete finished with '0'
[15.366s] DEBUG:colcon.colcon_core.event_reactor:joining thread
[15.391s] INFO:colcon.colcon_core.plugin_system:Skipping extension 'colcon_notification.desktop_notification.terminal_notifier': Not used on non-Darwin systems
[15.391s] INFO:colcon.colcon_core.plugin_system:Skipping extension 'colcon_notification.desktop_notification.win32': Not used on non-Windows systems
[15.391s] INFO:colcon.colcon_notification.desktop_notification:Sending desktop notification using 'notify2'
[15.440s] DEBUG:colcon.colcon_core.event_reactor:joined thread
[15.441s] INFO:colcon.colcon_core.shell:Creating prefix script '/home/jetson/Desktop/flight_ws/install/local_setup.ps1'
[15.444s] INFO:colcon.colcon_core.shell:Creating prefix util module '/home/jetson/Desktop/flight_ws/install/_local_setup_util_ps1.py'
[15.447s] INFO:colcon.colcon_core.shell:Creating prefix chain script '/home/jetson/Desktop/flight_ws/install/setup.ps1'
[15.451s] INFO:colcon.colcon_core.shell:Creating prefix script '/home/jetson/Desktop/flight_ws/install/local_setup.sh'
[15.453s] INFO:colcon.colcon_core.shell:Creating prefix util module '/home/jetson/Desktop/flight_ws/install/_local_setup_util_sh.py'
[15.456s] INFO:colcon.colcon_core.shell:Creating prefix chain script '/home/jetson/Desktop/flight_ws/install/setup.sh'
[15.460s] INFO:colcon.colcon_core.shell:Creating prefix script '/home/jetson/Desktop/flight_ws/install/local_setup.bash'
[15.461s] INFO:colcon.colcon_core.shell:Creating prefix chain script '/home/jetson/Desktop/flight_ws/install/setup.bash'
[15.464s] INFO:colcon.colcon_core.shell:Creating prefix script '/home/jetson/Desktop/flight_ws/install/local_setup.zsh'
[15.465s] INFO:colcon.colcon_core.shell:Creating prefix chain script '/home/jetson/Desktop/flight_ws/install/setup.zsh'
