/home/jetson/Desktop/flight_ws/install/opencv_tools/lib/python3.8/site-packages/opencv_tools/test.py
/home/jetson/Desktop/flight_ws/install/opencv_tools/lib/python3.8/site-packages/opencv_tools/to_img_mcu.py
/home/jetson/Desktop/flight_ws/install/opencv_tools/lib/python3.8/site-packages/opencv_tools/basic_image_publisher.py
/home/jetson/Desktop/flight_ws/install/opencv_tools/lib/python3.8/site-packages/opencv_tools/rc_imu.py
/home/jetson/Desktop/flight_ws/install/opencv_tools/lib/python3.8/site-packages/opencv_tools/right_QR_scan.py
/home/jetson/Desktop/flight_ws/install/opencv_tools/lib/python3.8/site-packages/opencv_tools/opencv_rosnode_test.py
/home/jetson/Desktop/flight_ws/install/opencv_tools/lib/python3.8/site-packages/opencv_tools/circle_ctr.py
/home/jetson/Desktop/flight_ws/install/opencv_tools/lib/python3.8/site-packages/opencv_tools/down_image_publisher.py
/home/jetson/Desktop/flight_ws/install/opencv_tools/lib/python3.8/site-packages/opencv_tools/down_cam_subscribe.py
/home/jetson/Desktop/flight_ws/install/opencv_tools/lib/python3.8/site-packages/opencv_tools/__init__.py
/home/jetson/Desktop/flight_ws/install/opencv_tools/lib/python3.8/site-packages/opencv_tools/test_shape.py
/home/jetson/Desktop/flight_ws/install/opencv_tools/lib/python3.8/site-packages/opencv_tools/to_mcu.py
/home/jetson/Desktop/flight_ws/install/opencv_tools/lib/python3.8/site-packages/opencv_tools/basic_image_subscriber.py
/home/jetson/Desktop/flight_ws/install/opencv_tools/lib/python3.8/site-packages/opencv_tools/sticker_ctr.py
/home/jetson/Desktop/flight_ws/install/opencv_tools/lib/python3.8/site-packages/opencv_tools/left_QR_scan.py
/home/jetson/Desktop/flight_ws/install/opencv_tools/lib/python3.8/site-packages/opencv_tools/__pycache__/test.cpython-38.pyc
/home/jetson/Desktop/flight_ws/install/opencv_tools/lib/python3.8/site-packages/opencv_tools/__pycache__/to_img_mcu.cpython-38.pyc
/home/jetson/Desktop/flight_ws/install/opencv_tools/lib/python3.8/site-packages/opencv_tools/__pycache__/basic_image_publisher.cpython-38.pyc
/home/jetson/Desktop/flight_ws/install/opencv_tools/lib/python3.8/site-packages/opencv_tools/__pycache__/rc_imu.cpython-38.pyc
/home/jetson/Desktop/flight_ws/install/opencv_tools/lib/python3.8/site-packages/opencv_tools/__pycache__/right_QR_scan.cpython-38.pyc
/home/jetson/Desktop/flight_ws/install/opencv_tools/lib/python3.8/site-packages/opencv_tools/__pycache__/opencv_rosnode_test.cpython-38.pyc
/home/jetson/Desktop/flight_ws/install/opencv_tools/lib/python3.8/site-packages/opencv_tools/__pycache__/circle_ctr.cpython-38.pyc
/home/jetson/Desktop/flight_ws/install/opencv_tools/lib/python3.8/site-packages/opencv_tools/__pycache__/down_image_publisher.cpython-38.pyc
/home/jetson/Desktop/flight_ws/install/opencv_tools/lib/python3.8/site-packages/opencv_tools/__pycache__/down_cam_subscribe.cpython-38.pyc
/home/jetson/Desktop/flight_ws/install/opencv_tools/lib/python3.8/site-packages/opencv_tools/__pycache__/__init__.cpython-38.pyc
/home/jetson/Desktop/flight_ws/install/opencv_tools/lib/python3.8/site-packages/opencv_tools/__pycache__/test_shape.cpython-38.pyc
/home/jetson/Desktop/flight_ws/install/opencv_tools/lib/python3.8/site-packages/opencv_tools/__pycache__/to_mcu.cpython-38.pyc
/home/jetson/Desktop/flight_ws/install/opencv_tools/lib/python3.8/site-packages/opencv_tools/__pycache__/basic_image_subscriber.cpython-38.pyc
/home/jetson/Desktop/flight_ws/install/opencv_tools/lib/python3.8/site-packages/opencv_tools/__pycache__/sticker_ctr.cpython-38.pyc
/home/jetson/Desktop/flight_ws/install/opencv_tools/lib/python3.8/site-packages/opencv_tools/__pycache__/left_QR_scan.cpython-38.pyc
/home/jetson/Desktop/flight_ws/install/opencv_tools/share/ament_index/resource_index/packages/opencv_tools
/home/jetson/Desktop/flight_ws/install/opencv_tools/share/opencv_tools/package.xml
/home/jetson/Desktop/flight_ws/install/opencv_tools/share/opencv_tools/launch/down_cam.launch.py
/home/jetson/Desktop/flight_ws/install/opencv_tools/share/opencv_tools/launch/caminfo.launch.py
/home/jetson/Desktop/flight_ws/install/opencv_tools/lib/python3.8/site-packages/opencv_tools-0.0.0-py3.8.egg-info/entry_points.txt
/home/jetson/Desktop/flight_ws/install/opencv_tools/lib/python3.8/site-packages/opencv_tools-0.0.0-py3.8.egg-info/PKG-INFO
/home/jetson/Desktop/flight_ws/install/opencv_tools/lib/python3.8/site-packages/opencv_tools-0.0.0-py3.8.egg-info/requires.txt
/home/jetson/Desktop/flight_ws/install/opencv_tools/lib/python3.8/site-packages/opencv_tools-0.0.0-py3.8.egg-info/top_level.txt
/home/jetson/Desktop/flight_ws/install/opencv_tools/lib/python3.8/site-packages/opencv_tools-0.0.0-py3.8.egg-info/dependency_links.txt
/home/jetson/Desktop/flight_ws/install/opencv_tools/lib/python3.8/site-packages/opencv_tools-0.0.0-py3.8.egg-info/SOURCES.txt
/home/jetson/Desktop/flight_ws/install/opencv_tools/lib/python3.8/site-packages/opencv_tools-0.0.0-py3.8.egg-info/zip-safe
/home/jetson/Desktop/flight_ws/install/opencv_tools/lib/opencv_tools/circle_ctr
/home/jetson/Desktop/flight_ws/install/opencv_tools/lib/opencv_tools/down_image_publisher
/home/jetson/Desktop/flight_ws/install/opencv_tools/lib/opencv_tools/down_image_subscriber
/home/jetson/Desktop/flight_ws/install/opencv_tools/lib/opencv_tools/img_publisher
/home/jetson/Desktop/flight_ws/install/opencv_tools/lib/opencv_tools/img_subscriber
/home/jetson/Desktop/flight_ws/install/opencv_tools/lib/opencv_tools/left_qr_pub
/home/jetson/Desktop/flight_ws/install/opencv_tools/lib/opencv_tools/right_qr_pub
/home/jetson/Desktop/flight_ws/install/opencv_tools/lib/opencv_tools/to_img_mcu
